<?xml version="1.0" encoding="UTF-8" ?>
<testsuite tests="31" failures="0" name="mx.unam.ciencias.edd.test.TestLista" time="0.035" errors="0" skipped="0">
  <properties>
    <property name="java.runtime.name" value="OpenJDK Runtime Environment"/>
    <property name="java.vm.version" value="17.0.8+7-Ubuntu-122.04"/>
    <property name="sun.boot.library.path" value="/usr/lib/jvm/java-17-openjdk-amd64/lib"/>
    <property name="maven.multiModuleProjectDirectory" value="/home/romar/practica4"/>
    <property name="java.vm.vendor" value="Private Build"/>
    <property name="java.vendor.url" value="Unknown"/>
    <property name="guice.disable.misplaced.annotation.check" value="true"/>
    <property name="path.separator" value=":"/>
    <property name="java.vm.name" value="OpenJDK 64-Bit Server VM"/>
    <property name="user.country" value="US"/>
    <property name="sun.java.launcher" value="SUN_STANDARD"/>
    <property name="java.vm.specification.name" value="Java Virtual Machine Specification"/>
    <property name="user.dir" value="/home/romar/practica4"/>
    <property name="java.vm.compressedOopsMode" value="Zero based"/>
    <property name="java.runtime.version" value="17.0.8+7-Ubuntu-122.04"/>
    <property name="os.arch" value="amd64"/>
    <property name="java.io.tmpdir" value="/tmp"/>
    <property name="line.separator" value="
"/>
    <property name="java.vm.specification.vendor" value="Oracle Corporation"/>
    <property name="os.name" value="Linux"/>
    <property name="classworlds.conf" value="/usr/share/maven/bin/m2.conf"/>
    <property name="sun.jnu.encoding" value="UTF-8"/>
    <property name="java.library.path" value="/usr/java/packages/lib:/usr/lib/x86_64-linux-gnu/jni:/lib/x86_64-linux-gnu:/usr/lib/x86_64-linux-gnu:/usr/lib/jni:/lib:/usr/lib"/>
    <property name="maven.conf" value="/usr/share/maven/conf"/>
    <property name="jdk.debug" value="release"/>
    <property name="java.class.version" value="61.0"/>
    <property name="java.specification.name" value="Java Platform API Specification"/>
    <property name="sun.management.compiler" value="HotSpot 64-Bit Tiered Compilers"/>
    <property name="os.version" value="5.15.0-79-generic"/>
    <property name="library.jansi.path" value="/usr/share/maven/lib/jansi-native"/>
    <property name="user.home" value="/home/romar"/>
    <property name="user.timezone" value="America/Mexico_City"/>
    <property name="file.encoding" value="UTF-8"/>
    <property name="java.specification.version" value="17"/>
    <property name="user.name" value="romar"/>
    <property name="java.class.path" value="/usr/share/maven/boot/plexus-classworlds-2.x.jar"/>
    <property name="java.vm.specification.version" value="17"/>
    <property name="sun.arch.data.model" value="64"/>
    <property name="sun.java.command" value="org.codehaus.plexus.classworlds.launcher.Launcher test"/>
    <property name="java.home" value="/usr/lib/jvm/java-17-openjdk-amd64"/>
    <property name="user.language" value="en"/>
    <property name="java.specification.vendor" value="Oracle Corporation"/>
    <property name="java.vm.info" value="mixed mode, sharing"/>
    <property name="java.version" value="17.0.8"/>
    <property name="native.encoding" value="UTF-8"/>
    <property name="java.vendor" value="Private Build"/>
    <property name="sun.stderr.encoding" value="UTF-8"/>
    <property name="maven.home" value="/usr/share/maven"/>
    <property name="file.separator" value="/"/>
    <property name="java.version.date" value="2023-07-18"/>
    <property name="java.vendor.url.bug" value="Unknown"/>
    <property name="sun.io.unicode.encoding" value="UnicodeLittle"/>
    <property name="sun.cpu.endian" value="little"/>
    <property name="sun.stdout.encoding" value="UTF-8"/>
  </properties>
  <testcase classname="mx.unam.ciencias.edd.test.TestLista" name="testAgregaFinal" time="0.001"/>
  <testcase classname="mx.unam.ciencias.edd.test.TestLista" name="testElimina" time="0"/>
  <testcase classname="mx.unam.ciencias.edd.test.TestLista" name="testMergeSort" time="0.003"/>
  <testcase classname="mx.unam.ciencias.edd.test.TestLista" name="testEsVacia" time="0.001"/>
  <testcase classname="mx.unam.ciencias.edd.test.TestLista" name="testEliminaPrimero" time="0"/>
  <testcase classname="mx.unam.ciencias.edd.test.TestLista" name="testIteradorHasNext" time="0"/>
  <testcase classname="mx.unam.ciencias.edd.test.TestLista" name="testBusquedaLineal" time="0.002"/>
  <testcase classname="mx.unam.ciencias.edd.test.TestLista" name="testGet" time="0"/>
  <testcase classname="mx.unam.ciencias.edd.test.TestLista" name="testAgregaInicio" time="0"/>
  <testcase classname="mx.unam.ciencias.edd.test.TestLista" name="testCopia" time="0"/>
  <testcase classname="mx.unam.ciencias.edd.test.TestLista" name="testToString" time="0.003"/>
  <testcase classname="mx.unam.ciencias.edd.test.TestLista" name="testIteradorStart" time="0"/>
  <testcase classname="mx.unam.ciencias.edd.test.TestLista" name="testGetLongitud" time="0.001"/>
  <testcase classname="mx.unam.ciencias.edd.test.TestLista" name="testEliminaUltimo" time="0"/>
  <testcase classname="mx.unam.ciencias.edd.test.TestLista" name="testGetPrimero" time="0"/>
  <testcase classname="mx.unam.ciencias.edd.test.TestLista" name="testContiene" time="0.001"/>
  <testcase classname="mx.unam.ciencias.edd.test.TestLista" name="testIteradorNext" time="0.001"/>
  <testcase classname="mx.unam.ciencias.edd.test.TestLista" name="testIteradorPrevious" time="0"/>
  <testcase classname="mx.unam.ciencias.edd.test.TestLista" name="testIteradorEnd" time="0"/>
  <testcase classname="mx.unam.ciencias.edd.test.TestLista" name="testBusquedaLinealLista" time="0.001"/>
  <testcase classname="mx.unam.ciencias.edd.test.TestLista" name="testMergeSortLista" time="0"/>
  <testcase classname="mx.unam.ciencias.edd.test.TestLista" name="testReversa" time="0.001"/>
  <testcase classname="mx.unam.ciencias.edd.test.TestLista" name="testGetElementos" time="0"/>
  <testcase classname="mx.unam.ciencias.edd.test.TestLista" name="testIteradorHasPrevious" time="0"/>
  <testcase classname="mx.unam.ciencias.edd.test.TestLista" name="testIndiceDe" time="0"/>
  <testcase classname="mx.unam.ciencias.edd.test.TestLista" name="testAgrega" time="0.001"/>
  <testcase classname="mx.unam.ciencias.edd.test.TestLista" name="testEquals" time="0"/>
  <testcase classname="mx.unam.ciencias.edd.test.TestLista" name="testLimpia" time="0"/>
  <testcase classname="mx.unam.ciencias.edd.test.TestLista" name="testGetUltimo" time="0.001"/>
  <testcase classname="mx.unam.ciencias.edd.test.TestLista" name="testInserta" time="0.018"/>
  <testcase classname="mx.unam.ciencias.edd.test.TestLista" name="testConstructor" time="0"/>
</testsuite>