<?xml version="1.0" encoding="UTF-8" ?>
<testsuite tests="9" failures="0" name="mx.unam.ciencias.edd.test.TestArbolRojinegro" time="0.026" errors="1" skipped="0">
  <properties>
    <property name="java.runtime.name" value="OpenJDK Runtime Environment"/>
    <property name="java.vm.version" value="17.0.8+7-Ubuntu-122.04"/>
    <property name="sun.boot.library.path" value="/usr/lib/jvm/java-17-openjdk-amd64/lib"/>
    <property name="maven.multiModuleProjectDirectory" value="/home/romar/practica4"/>
    <property name="java.vm.vendor" value="Private Build"/>
    <property name="java.vendor.url" value="Unknown"/>
    <property name="guice.disable.misplaced.annotation.check" value="true"/>
    <property name="path.separator" value=":"/>
    <property name="java.vm.name" value="OpenJDK 64-Bit Server VM"/>
    <property name="user.country" value="US"/>
    <property name="sun.java.launcher" value="SUN_STANDARD"/>
    <property name="java.vm.specification.name" value="Java Virtual Machine Specification"/>
    <property name="user.dir" value="/home/romar/practica4"/>
    <property name="java.vm.compressedOopsMode" value="Zero based"/>
    <property name="java.runtime.version" value="17.0.8+7-Ubuntu-122.04"/>
    <property name="os.arch" value="amd64"/>
    <property name="java.io.tmpdir" value="/tmp"/>
    <property name="line.separator" value="
"/>
    <property name="java.vm.specification.vendor" value="Oracle Corporation"/>
    <property name="os.name" value="Linux"/>
    <property name="classworlds.conf" value="/usr/share/maven/bin/m2.conf"/>
    <property name="sun.jnu.encoding" value="UTF-8"/>
    <property name="java.library.path" value="/usr/java/packages/lib:/usr/lib/x86_64-linux-gnu/jni:/lib/x86_64-linux-gnu:/usr/lib/x86_64-linux-gnu:/usr/lib/jni:/lib:/usr/lib"/>
    <property name="maven.conf" value="/usr/share/maven/conf"/>
    <property name="jdk.debug" value="release"/>
    <property name="java.class.version" value="61.0"/>
    <property name="java.specification.name" value="Java Platform API Specification"/>
    <property name="sun.management.compiler" value="HotSpot 64-Bit Tiered Compilers"/>
    <property name="os.version" value="5.15.0-79-generic"/>
    <property name="library.jansi.path" value="/usr/share/maven/lib/jansi-native"/>
    <property name="user.home" value="/home/romar"/>
    <property name="user.timezone" value="America/Mexico_City"/>
    <property name="file.encoding" value="UTF-8"/>
    <property name="java.specification.version" value="17"/>
    <property name="user.name" value="romar"/>
    <property name="java.class.path" value="/usr/share/maven/boot/plexus-classworlds-2.x.jar"/>
    <property name="java.vm.specification.version" value="17"/>
    <property name="sun.arch.data.model" value="64"/>
    <property name="sun.java.command" value="org.codehaus.plexus.classworlds.launcher.Launcher test"/>
    <property name="java.home" value="/usr/lib/jvm/java-17-openjdk-amd64"/>
    <property name="user.language" value="en"/>
    <property name="java.specification.vendor" value="Oracle Corporation"/>
    <property name="java.vm.info" value="mixed mode, sharing"/>
    <property name="java.version" value="17.0.8"/>
    <property name="native.encoding" value="UTF-8"/>
    <property name="java.vendor" value="Private Build"/>
    <property name="sun.stderr.encoding" value="UTF-8"/>
    <property name="maven.home" value="/usr/share/maven"/>
    <property name="file.separator" value="/"/>
    <property name="java.version.date" value="2023-07-18"/>
    <property name="java.vendor.url.bug" value="Unknown"/>
    <property name="sun.io.unicode.encoding" value="UnicodeLittle"/>
    <property name="sun.cpu.endian" value="little"/>
    <property name="sun.stdout.encoding" value="UTF-8"/>
  </properties>
  <testcase classname="mx.unam.ciencias.edd.test.TestArbolRojinegro" name="testElimina" time="0.004">
    <error message="Cannot invoke &quot;Object.equals(Object)&quot; because the return value of &quot;mx.unam.ciencias.edd.VerticeArbolBinario.get()&quot; is null" type="java.lang.NullPointerException">java.lang.NullPointerException: Cannot invoke &quot;Object.equals(Object)&quot; because the return value of &quot;mx.unam.ciencias.edd.VerticeArbolBinario.get()&quot; is null
	at mx.unam.ciencias.edd.ArbolBinario$Vertice.equals(ArbolBinario.java:181)
	at mx.unam.ciencias.edd.ArbolBinario$Vertice.equals(ArbolBinario.java:186)
	at mx.unam.ciencias.edd.ArbolBinario$Vertice.equals(ArbolBinario.java:212)
	at mx.unam.ciencias.edd.ArbolRojinegro$VerticeRojinegro.equals(ArbolRojinegro.java:66)
	at mx.unam.ciencias.edd.ArbolBinarioOrdenado.eliminaVertice(ArbolBinarioOrdenado.java:207)
	at mx.unam.ciencias.edd.ArbolRojinegro.elimina(ArbolRojinegro.java:304)
	at mx.unam.ciencias.edd.test.TestArbolRojinegro.testEliminaNegroRojo(TestArbolRojinegro.java:239)
	at mx.unam.ciencias.edd.test.TestArbolRojinegro.testElimina(TestArbolRojinegro.java:414)
	at java.base/jdk.internal.reflect.NativeMethodAccessorImpl.invoke0(Native Method)
	at java.base/jdk.internal.reflect.NativeMethodAccessorImpl.invoke(NativeMethodAccessorImpl.java:77)
	at java.base/jdk.internal.reflect.DelegatingMethodAccessorImpl.invoke(DelegatingMethodAccessorImpl.java:43)
	at java.base/java.lang.reflect.Method.invoke(Method.java:568)
	at org.junit.runners.model.FrameworkMethod$1.runReflectiveCall(FrameworkMethod.java:59)
	at org.junit.internal.runners.model.ReflectiveCallable.run(ReflectiveCallable.java:12)
	at org.junit.runners.model.FrameworkMethod.invokeExplosively(FrameworkMethod.java:56)
	at org.junit.internal.runners.statements.InvokeMethod.evaluate(InvokeMethod.java:17)
	at org.junit.internal.runners.statements.FailOnTimeout$CallableStatement.call(FailOnTimeout.java:299)
	at org.junit.internal.runners.statements.FailOnTimeout$CallableStatement.call(FailOnTimeout.java:293)
	at java.base/java.util.concurrent.FutureTask.run(FutureTask.java:264)
	at java.base/java.lang.Thread.run(Thread.java:833)
</error>
  </testcase>
  <testcase classname="mx.unam.ciencias.edd.test.TestArbolRojinegro" name="testGetColor" time="0"/>
  <testcase classname="mx.unam.ciencias.edd.test.TestArbolRojinegro" name="testToString" time="0.018"/>
  <testcase classname="mx.unam.ciencias.edd.test.TestArbolRojinegro" name="testGiraDerecha" time="0.001"/>
  <testcase classname="mx.unam.ciencias.edd.test.TestArbolRojinegro" name="testAgrega" time="0.001"/>
  <testcase classname="mx.unam.ciencias.edd.test.TestArbolRojinegro" name="testEquals" time="0.001"/>
  <testcase classname="mx.unam.ciencias.edd.test.TestArbolRojinegro" name="testGiraIzquierda" time="0"/>
  <testcase classname="mx.unam.ciencias.edd.test.TestArbolRojinegro" name="testConstructorColeccion" time="0.001"/>
  <testcase classname="mx.unam.ciencias.edd.test.TestArbolRojinegro" name="testConstructor" time="0"/>
</testsuite>